<?xml version="1.0" encoding="UTF-8"?>
<testsuite name="isel.pt.ps.projeto.ProjetoApplicationTests" tests="1" skipped="0" failures="0" errors="0" timestamp="2024-07-12T23:30:17" hostname="Miguels-MBP-2.home" time="0.313">
  <properties/>
  <testcase name="contextLoads()" classname="isel.pt.ps.projeto.ProjetoApplicationTests" time="0.313"/>
  <system-out><![CDATA[00:30:13.729 [Test worker] DEBUG org.springframework.boot.test.context.SpringBootTestContextBootstrapper - Neither @ContextConfiguration nor @ContextHierarchy found for test class [ProjetoApplicationTests]: using SpringBootContextLoader
00:30:13.739 [Test worker] DEBUG org.springframework.test.context.support.AbstractContextLoader - Could not detect default resource locations for test class [isel.pt.ps.projeto.ProjetoApplicationTests]: no resource found for suffixes {-context.xml, Context.groovy}.
00:30:13.740 [Test worker] INFO org.springframework.test.context.support.AnnotationConfigContextLoaderUtils - Could not detect default configuration classes for test class [isel.pt.ps.projeto.ProjetoApplicationTests]: ProjetoApplicationTests does not declare any static, non-private, non-final, nested classes annotated with @Configuration.
00:30:13.812 [Test worker] DEBUG org.springframework.boot.test.context.SpringBootTestContextBootstrapper - Using ContextCustomizers for test class [ProjetoApplicationTests]: [DisableObservabilityContextCustomizer, PropertyMappingContextCustomizer, Customizer, ExcludeFilterContextCustomizer, DuplicateJsonObjectContextCustomizer, MockitoContextCustomizer, TestRestTemplateContextCustomizer]
00:30:13.926 [Test worker] DEBUG org.springframework.context.annotation.ClassPathScanningCandidateComponentProvider - Identified candidate component class: file [/Users/miguelmoreira/Downloads/projeto/build/classes/kotlin/main/isel/pt/ps/projeto/ProjetoApplication.class]
00:30:13.928 [Test worker] INFO org.springframework.boot.test.context.SpringBootTestContextBootstrapper - Found @SpringBootConfiguration isel.pt.ps.projeto.ProjetoApplication for test class isel.pt.ps.projeto.ProjetoApplicationTests
00:30:14.057 [Test worker] DEBUG org.springframework.boot.test.context.SpringBootTestContextBootstrapper - Using TestExecutionListeners for test class [ProjetoApplicationTests]: [ServletTestExecutionListener, DirtiesContextBeforeModesTestExecutionListener, ApplicationEventsTestExecutionListener, MockitoTestExecutionListener, DependencyInjectionTestExecutionListener, DirtiesContextTestExecutionListener, TransactionalTestExecutionListener, SqlScriptsTestExecutionListener, EventPublishingTestExecutionListener, RestDocsTestExecutionListener, MockRestServiceServerResetTestExecutionListener, MockMvcPrintOnlyOnFailureTestExecutionListener, WebDriverTestExecutionListener, MockWebServiceServerTestExecutionListener, ResetMocksTestExecutionListener]
00:30:14.059 [Test worker] DEBUG org.springframework.test.context.support.AbstractDirtiesContextTestExecutionListener - Before test class: class [ProjetoApplicationTests], class annotated with @DirtiesContext [false] with mode [null]

  .   ____          _            __ _ _
 /\\ / ___'_ __ _ _(_)_ __  __ _ \ \ \ \
( ( )\___ | '_ | '_| | '_ \/ _` | \ \ \ \
 \\/  ___)| |_)| | | | | || (_| |  ) ) ) )
  '  |____| .__|_| |_|_| |_\__, | / / / /
 =========|_|==============|___/=/_/_/_/
 :: Spring Boot ::                (v3.0.0)

2024-07-13T00:30:14.375+01:00  INFO 77190 --- [    Test worker] i.pt.ps.projeto.ProjetoApplicationTests  : Starting ProjetoApplicationTests using Java 19.0.2 with PID 77190 (started by miguelmoreira in /Users/miguelmoreira/Downloads/projeto)
2024-07-13T00:30:14.377+01:00  INFO 77190 --- [    Test worker] i.pt.ps.projeto.ProjetoApplicationTests  : No active profile set, falling back to 1 default profile: "default"
2024-07-13T00:30:15.998+01:00  INFO 77190 --- [    Test worker] org.casbin.jcasbin                       : Model:
2024-07-13T00:30:15.998+01:00  INFO 77190 --- [    Test worker] org.casbin.jcasbin                       : p.p: sub, obj, act
2024-07-13T00:30:15.998+01:00  INFO 77190 --- [    Test worker] org.casbin.jcasbin                       : r.r: sub, obj, act
2024-07-13T00:30:15.998+01:00  INFO 77190 --- [    Test worker] org.casbin.jcasbin                       : e.e: some(where (p_eft == allow))
2024-07-13T00:30:15.998+01:00  INFO 77190 --- [    Test worker] org.casbin.jcasbin                       : g.g: _, _
2024-07-13T00:30:15.998+01:00  INFO 77190 --- [    Test worker] org.casbin.jcasbin                       : m.m: g(r_sub, p_sub) && r_obj == p_obj && r_act == p_act
2024-07-13T00:30:16.016+01:00  INFO 77190 --- [    Test worker] org.casbin.jcasbin                       : Policy:
2024-07-13T00:30:16.016+01:00  INFO 77190 --- [    Test worker] org.casbin.jcasbin                       : p: sub, obj, act: [[user, /obras, GET], [user, /obras, POST], [user, /registos, GET], [user, /registos, POST], [user, /registos, PUT], [user, /users/me, GET], [user, /users/me, PUT], [user, /convites, GET], [user, /profile, GET], [construction_1_admin, /obras/1, GET], [construction_1_admin, /obras/1, POST], [construction_1_admin, /obras/1, PUT], [construction_1_admin, /obras/1/registos/me, GET], [construction_1_admin, /obras/1/users, GET], [construction_1_admin, /obras/1/registos/pendente, GET], [construction_1_user, /obras/1, GET], [construction_1_user, /obras/1/registos/me, GET], [construction_3_admin, /obras/3, GET], [construction_3_admin, /obras/3, POST], [construction_3_admin, /obras/3, PUT], [construction_3_admin, /obras/3/registos/me, GET], [construction_3_admin, /obras/3/users, GET], [construction_3_admin, /obras/3/registos/pendente, GET], [construction_3_user, /obras/3, GET], [construction_3_user, /obras/3/registos/me, GET], [construction_1_admin, /obras/1/convite, POST], [construction_3_admin, /obras/3/convite, POST], [user, /convites, PUT], [construction_1_funcionario, /obras/1, GET], [construction_1_funcionario, /obras/1/registos/me, GET], [construction_3_funcionario, /obras/3, GET], [construction_3_funcionario, /obras/3/registos/me, GET]]
2024-07-13T00:30:16.016+01:00  INFO 77190 --- [    Test worker] org.casbin.jcasbin                       : g: _, _: [[abc@abc.com, user], [mike@mike.com, user], [mike@mike.com, construction_1_admin], [mike@mike.com, construction_3_admin], [abc@abc.com, construction_1_funcionario], [abc@abc.com, construction_3_funcionario]]
2024-07-13T00:30:16.018+01:00  INFO 77190 --- [    Test worker] org.casbin.jcasbin                       : Role links for: g
2024-07-13T00:30:16.018+01:00  INFO 77190 --- [    Test worker] org.casbin.jcasbin                       : construction_3_funcionario < 
2024-07-13T00:30:16.018+01:00  INFO 77190 --- [    Test worker] org.casbin.jcasbin                       : construction_1_funcionario < 
2024-07-13T00:30:16.018+01:00  INFO 77190 --- [    Test worker] org.casbin.jcasbin                       : construction_3_admin < 
2024-07-13T00:30:16.018+01:00  INFO 77190 --- [    Test worker] org.casbin.jcasbin                       : construction_1_admin < 
2024-07-13T00:30:16.018+01:00  INFO 77190 --- [    Test worker] org.casbin.jcasbin                       : user < 
2024-07-13T00:30:16.018+01:00  INFO 77190 --- [    Test worker] org.casbin.jcasbin                       : mike@mike.com < user, construction_1_admin, construction_3_admin
2024-07-13T00:30:16.019+01:00  INFO 77190 --- [    Test worker] org.casbin.jcasbin                       : abc@abc.com < user, construction_1_funcionario, construction_3_funcionario
RAN
admin
admin
funcionario
funcionario
2024-07-13T00:30:16.371+01:00  INFO 77190 --- [    Test worker] org.casbin.jcasbin                       : Model:
2024-07-13T00:30:16.371+01:00  INFO 77190 --- [    Test worker] org.casbin.jcasbin                       : p.p: sub, obj, act
2024-07-13T00:30:16.371+01:00  INFO 77190 --- [    Test worker] org.casbin.jcasbin                       : r.r: sub, obj, act
2024-07-13T00:30:16.371+01:00  INFO 77190 --- [    Test worker] org.casbin.jcasbin                       : e.e: some(where (p_eft == allow))
2024-07-13T00:30:16.371+01:00  INFO 77190 --- [    Test worker] org.casbin.jcasbin                       : g.g: _, _
2024-07-13T00:30:16.372+01:00  INFO 77190 --- [    Test worker] org.casbin.jcasbin                       : m.m: g(r_sub, p_sub) && r_obj == p_obj && r_act == p_act
2024-07-13T00:30:16.373+01:00  INFO 77190 --- [    Test worker] org.casbin.jcasbin                       : Policy:
2024-07-13T00:30:16.373+01:00  INFO 77190 --- [    Test worker] org.casbin.jcasbin                       : p: sub, obj, act: [[user, /obras, GET], [user, /obras, POST], [user, /registos, GET], [user, /registos, POST], [user, /registos, PUT], [user, /users/me, GET], [user, /users/me, PUT], [user, /convites, GET], [user, /profile, GET], [construction_1_admin, /obras/1, GET], [construction_1_admin, /obras/1, POST], [construction_1_admin, /obras/1, PUT], [construction_1_admin, /obras/1/registos/me, GET], [construction_1_admin, /obras/1/users, GET], [construction_1_admin, /obras/1/registos/pendente, GET], [construction_1_user, /obras/1, GET], [construction_1_user, /obras/1/registos/me, GET], [construction_3_admin, /obras/3, GET], [construction_3_admin, /obras/3, POST], [construction_3_admin, /obras/3, PUT], [construction_3_admin, /obras/3/registos/me, GET], [construction_3_admin, /obras/3/users, GET], [construction_3_admin, /obras/3/registos/pendente, GET], [construction_3_user, /obras/3, GET], [construction_3_user, /obras/3/registos/me, GET], [construction_1_admin, /obras/1/convite, POST], [construction_3_admin, /obras/3/convite, POST], [user, /convites, PUT], [construction_1_funcionario, /obras/1, GET], [construction_1_funcionario, /obras/1/registos/me, GET], [construction_3_funcionario, /obras/3, GET], [construction_3_funcionario, /obras/3/registos/me, GET]]
2024-07-13T00:30:16.373+01:00  INFO 77190 --- [    Test worker] org.casbin.jcasbin                       : g: _, _: [[abc@abc.com, user], [mike@mike.com, user], [mike@mike.com, construction_1_admin], [mike@mike.com, construction_3_admin], [abc@abc.com, construction_1_funcionario], [abc@abc.com, construction_3_funcionario]]
2024-07-13T00:30:16.373+01:00  INFO 77190 --- [    Test worker] org.casbin.jcasbin                       : Role links for: g
2024-07-13T00:30:16.374+01:00  INFO 77190 --- [    Test worker] org.casbin.jcasbin                       : construction_3_funcionario < 
2024-07-13T00:30:16.374+01:00  INFO 77190 --- [    Test worker] org.casbin.jcasbin                       : construction_1_funcionario < 
2024-07-13T00:30:16.374+01:00  INFO 77190 --- [    Test worker] org.casbin.jcasbin                       : construction_3_admin < 
2024-07-13T00:30:16.374+01:00  INFO 77190 --- [    Test worker] org.casbin.jcasbin                       : construction_1_admin < 
2024-07-13T00:30:16.374+01:00  INFO 77190 --- [    Test worker] org.casbin.jcasbin                       : user < 
2024-07-13T00:30:16.374+01:00  INFO 77190 --- [    Test worker] org.casbin.jcasbin                       : mike@mike.com < user, construction_1_admin, construction_3_admin
2024-07-13T00:30:16.374+01:00  INFO 77190 --- [    Test worker] org.casbin.jcasbin                       : abc@abc.com < user, construction_1_funcionario, construction_3_funcionario
2024-07-13T00:30:17.216+01:00  INFO 77190 --- [    Test worker] o.s.s.web.DefaultSecurityFilterChain     : Will secure any request with [org.springframework.security.web.session.DisableEncodeUrlFilter@443af394, org.springframework.security.web.context.request.async.WebAsyncManagerIntegrationFilter@734f8317, org.springframework.security.web.context.SecurityContextHolderFilter@1aac0a47, org.springframework.security.web.header.HeaderWriterFilter@194911c1, org.springframework.web.filter.CorsFilter@7dd3981e, org.springframework.security.web.authentication.logout.LogoutFilter@3bab95ca, isel.pt.ps.projeto.casbin.CasbinFilter@59313495, org.springframework.security.web.savedrequest.RequestCacheAwareFilter@6785c9fa, org.springframework.security.web.servletapi.SecurityContextHolderAwareRequestFilter@4dd1548e, org.springframework.security.web.authentication.AnonymousAuthenticationFilter@4a04ca74, org.springframework.security.web.access.ExceptionTranslationFilter@75dd0f94, org.springframework.security.web.access.intercept.AuthorizationFilter@2913ca3e]
2024-07-13T00:30:17.480+01:00  INFO 77190 --- [    Test worker] i.pt.ps.projeto.ProjetoApplicationTests  : Started ProjetoApplicationTests in 3.387 seconds (process running for 6.552)
]]></system-out>
  <system-err><![CDATA[]]></system-err>
</testsuite>
